<?xml version="1.0" encoding="utf-8"?>
<test-run id="0" testcasecount="7" result="Passed" total="7" passed="7" failed="0" inconclusive="0" skipped="0" asserts="0" portable-engine-version="3.3.0.0" start-time="2016-10-10 15:11:53Z" end-time="2016-10-10 15:11:58Z" duration="4.908920">
  <test-suite type="Assembly" id="1010" name="IdentityServer4.Cassandra.Tests, Version=1.0.0.0, Culture=neutral, PublicKeyToken=null" fullname="IdentityServer4.Cassandra.Tests, Version=1.0.0.0, Culture=neutral, PublicKeyToken=null" runstate="Runnable" testcasecount="7" result="Passed" start-time="2016-10-10 15:11:53Z" end-time="2016-10-10 15:11:58Z" duration="4.797213" total="7" passed="7" failed="0" inconclusive="0" skipped="0" asserts="0">
    <settings>
      <setting name="WorkDirectory" value="/home/marktranter/projects/IdentityServer4.Cassandra/src/IdentityServer4.Cassandra.Tests" />
    </settings>
    <test-suite type="TestSuite" id="1011" name="IdentityServer4" fullname="IdentityServer4" runstate="Runnable" testcasecount="7" result="Passed" start-time="2016-10-10 15:11:53Z" end-time="2016-10-10 15:11:58Z" duration="4.789594" total="7" passed="7" failed="0" inconclusive="0" skipped="0" asserts="0">
      <test-suite type="TestSuite" id="1012" name="Cassandra" fullname="IdentityServer4.Cassandra" runstate="Runnable" testcasecount="7" result="Passed" start-time="2016-10-10 15:11:53Z" end-time="2016-10-10 15:11:58Z" duration="4.789384" total="7" passed="7" failed="0" inconclusive="0" skipped="0" asserts="0">
        <test-suite type="TestSuite" id="1013" name="Tests" fullname="IdentityServer4.Cassandra.Tests" runstate="Runnable" testcasecount="7" result="Passed" start-time="2016-10-10 15:11:53Z" end-time="2016-10-10 15:11:58Z" duration="4.789277" total="7" passed="7" failed="0" inconclusive="0" skipped="0" asserts="0">
          <test-suite type="TestSuite" id="1014" name="IntegrationTests" fullname="IdentityServer4.Cassandra.Tests.IntegrationTests" runstate="Runnable" testcasecount="7" result="Passed" start-time="2016-10-10 15:11:53Z" end-time="2016-10-10 15:11:58Z" duration="4.789134" total="7" passed="7" failed="0" inconclusive="0" skipped="0" asserts="0">
            <test-suite type="TestFixture" id="1008" name="ClientStoreTests" fullname="IdentityServer4.Cassandra.Tests.IntegrationTests.ClientStoreTests" classname="IdentityServer4.Cassandra.Tests.IntegrationTests.ClientStoreTests" runstate="Runnable" testcasecount="1" result="Passed" start-time="2016-10-10 15:11:53Z" end-time="2016-10-10 15:11:54Z" duration="1.098307" total="1" passed="1" failed="0" inconclusive="0" skipped="0" asserts="0">
              <properties>
                <property name="Category" value="Integeration" />
              </properties>
              <test-case id="1009" name="StoresThenRetrievesByKey" fullname="IdentityServer4.Cassandra.Tests.IntegrationTests.ClientStoreTests.StoresThenRetrievesByKey" methodname="StoresThenRetrievesByKey" classname="IdentityServer4.Cassandra.Tests.IntegrationTests.ClientStoreTests" runstate="Runnable" seed="1141868742" result="Passed" start-time="2016-10-10 15:11:53Z" end-time="2016-10-10 15:11:54Z" duration="1.060283" asserts="0" />
            </test-suite>
            <test-suite type="TestFixture" id="1000" name="PersistedGrantStoreTests" fullname="IdentityServer4.Cassandra.Tests.IntegrationTests.PersistedGrantStoreTests" classname="IdentityServer4.Cassandra.Tests.IntegrationTests.PersistedGrantStoreTests" runstate="Runnable" testcasecount="5" result="Passed" start-time="2016-10-10 15:11:54Z" end-time="2016-10-10 15:11:58Z" duration="3.126913" total="5" passed="5" failed="0" inconclusive="0" skipped="0" asserts="0">
              <properties>
                <property name="Category" value="Integeration" />
              </properties>
              <test-case id="1002" name="StoresThenDeletesByKey" fullname="IdentityServer4.Cassandra.Tests.IntegrationTests.PersistedGrantStoreTests.StoresThenDeletesByKey" methodname="StoresThenDeletesByKey" classname="IdentityServer4.Cassandra.Tests.IntegrationTests.PersistedGrantStoreTests" runstate="Runnable" seed="301699375" result="Passed" start-time="2016-10-10 15:11:54Z" end-time="2016-10-10 15:11:55Z" duration="0.579610" asserts="0" />
              <test-case id="1003" name="StoresThenFetchesBySubject" fullname="IdentityServer4.Cassandra.Tests.IntegrationTests.PersistedGrantStoreTests.StoresThenFetchesBySubject" methodname="StoresThenFetchesBySubject" classname="IdentityServer4.Cassandra.Tests.IntegrationTests.PersistedGrantStoreTests" runstate="Runnable" seed="2094530623" result="Passed" start-time="2016-10-10 15:11:55Z" end-time="2016-10-10 15:11:56Z" duration="0.785150" asserts="0" />
              <test-case id="1004" name="StoresThenRemovesBySubjectAndClient" fullname="IdentityServer4.Cassandra.Tests.IntegrationTests.PersistedGrantStoreTests.StoresThenRemovesBySubjectAndClient" methodname="StoresThenRemovesBySubjectAndClient" classname="IdentityServer4.Cassandra.Tests.IntegrationTests.PersistedGrantStoreTests" runstate="Runnable" seed="1482153628" result="Passed" start-time="2016-10-10 15:11:56Z" end-time="2016-10-10 15:11:56Z" duration="0.491122" asserts="0" />
              <test-case id="1005" name="StoresThenRemovesBySubjectAndClientAndType" fullname="IdentityServer4.Cassandra.Tests.IntegrationTests.PersistedGrantStoreTests.StoresThenRemovesBySubjectAndClientAndType" methodname="StoresThenRemovesBySubjectAndClientAndType" classname="IdentityServer4.Cassandra.Tests.IntegrationTests.PersistedGrantStoreTests" runstate="Runnable" seed="1964336379" result="Passed" start-time="2016-10-10 15:11:56Z" end-time="2016-10-10 15:11:57Z" duration="0.600421" asserts="0" />
              <test-case id="1001" name="StoresThenRetrievesByKey" fullname="IdentityServer4.Cassandra.Tests.IntegrationTests.PersistedGrantStoreTests.StoresThenRetrievesByKey" methodname="StoresThenRetrievesByKey" classname="IdentityServer4.Cassandra.Tests.IntegrationTests.PersistedGrantStoreTests" runstate="Runnable" seed="1056921166" result="Passed" start-time="2016-10-10 15:11:57Z" end-time="2016-10-10 15:11:58Z" duration="0.648017" asserts="0" />
            </test-suite>
            <test-suite type="TestFixture" id="1006" name="ScopeStoreIntegrationTests" fullname="IdentityServer4.Cassandra.Tests.IntegrationTests.ScopeStoreIntegrationTests" classname="IdentityServer4.Cassandra.Tests.IntegrationTests.ScopeStoreIntegrationTests" runstate="Runnable" testcasecount="1" result="Passed" start-time="2016-10-10 15:11:58Z" end-time="2016-10-10 15:11:58Z" duration="0.559012" total="1" passed="1" failed="0" inconclusive="0" skipped="0" asserts="0">
              <test-case id="1007" name="StoresThenRetrievesScopesByName" fullname="IdentityServer4.Cassandra.Tests.IntegrationTests.ScopeStoreIntegrationTests.StoresThenRetrievesScopesByName" methodname="StoresThenRetrievesScopesByName" classname="IdentityServer4.Cassandra.Tests.IntegrationTests.ScopeStoreIntegrationTests" runstate="Runnable" seed="2091551433" result="Passed" start-time="2016-10-10 15:11:58Z" end-time="2016-10-10 15:11:58Z" duration="0.558175" asserts="0" />
            </test-suite>
          </test-suite>
        </test-suite>
      </test-suite>
    </test-suite>
  </test-suite>
</test-run>