<?xml version="1.0" encoding="utf-8"?>
<test-run id="0" testcasecount="7" result="Passed" total="7" passed="7" failed="0" inconclusive="0" skipped="0" asserts="0" portable-engine-version="3.3.0.0" start-time="2016-10-10 15:25:42Z" end-time="2016-10-10 15:26:00Z" duration="18.396823">
  <test-suite type="Assembly" id="1010" name="IdentityServer4.Cassandra.Tests, Version=1.0.0.0, Culture=neutral, PublicKeyToken=null" fullname="IdentityServer4.Cassandra.Tests, Version=1.0.0.0, Culture=neutral, PublicKeyToken=null" runstate="Runnable" testcasecount="7" result="Passed" start-time="2016-10-10 15:25:42Z" end-time="2016-10-10 15:26:00Z" duration="18.277620" total="7" passed="7" failed="0" inconclusive="0" skipped="0" asserts="0">
    <settings>
      <setting name="WorkDirectory" value="/home/marktranter/projects/IdentityServer4.Cassandra/src/IdentityServer4.Cassandra.Tests" />
    </settings>
    <test-suite type="TestSuite" id="1011" name="IdentityServer4" fullname="IdentityServer4" runstate="Runnable" testcasecount="7" result="Passed" start-time="2016-10-10 15:25:42Z" end-time="2016-10-10 15:26:00Z" duration="18.269896" total="7" passed="7" failed="0" inconclusive="0" skipped="0" asserts="0">
      <test-suite type="TestSuite" id="1012" name="Cassandra" fullname="IdentityServer4.Cassandra" runstate="Runnable" testcasecount="7" result="Passed" start-time="2016-10-10 15:25:42Z" end-time="2016-10-10 15:26:00Z" duration="18.269671" total="7" passed="7" failed="0" inconclusive="0" skipped="0" asserts="0">
        <test-suite type="TestSuite" id="1013" name="Tests" fullname="IdentityServer4.Cassandra.Tests" runstate="Runnable" testcasecount="7" result="Passed" start-time="2016-10-10 15:25:42Z" end-time="2016-10-10 15:26:00Z" duration="18.269558" total="7" passed="7" failed="0" inconclusive="0" skipped="0" asserts="0">
          <test-suite type="TestSuite" id="1014" name="IntegrationTests" fullname="IdentityServer4.Cassandra.Tests.IntegrationTests" runstate="Runnable" testcasecount="7" result="Passed" start-time="2016-10-10 15:25:42Z" end-time="2016-10-10 15:26:00Z" duration="18.269420" total="7" passed="7" failed="0" inconclusive="0" skipped="0" asserts="0">
            <test-suite type="TestFixture" id="1008" name="ClientStoreTests" fullname="IdentityServer4.Cassandra.Tests.IntegrationTests.ClientStoreTests" classname="IdentityServer4.Cassandra.Tests.IntegrationTests.ClientStoreTests" runstate="Runnable" testcasecount="1" result="Passed" start-time="2016-10-10 15:25:42Z" end-time="2016-10-10 15:25:45Z" duration="3.775004" total="1" passed="1" failed="0" inconclusive="0" skipped="0" asserts="0">
              <properties>
                <property name="Category" value="Integeration" />
              </properties>
              <test-case id="1009" name="StoresThenRetrievesByKey" fullname="IdentityServer4.Cassandra.Tests.IntegrationTests.ClientStoreTests.StoresThenRetrievesByKey" methodname="StoresThenRetrievesByKey" classname="IdentityServer4.Cassandra.Tests.IntegrationTests.ClientStoreTests" runstate="Runnable" seed="607080796" result="Passed" start-time="2016-10-10 15:25:42Z" end-time="2016-10-10 15:25:45Z" duration="3.733825" asserts="0" />
            </test-suite>
            <test-suite type="TestFixture" id="1000" name="PersistedGrantStoreTests" fullname="IdentityServer4.Cassandra.Tests.IntegrationTests.PersistedGrantStoreTests" classname="IdentityServer4.Cassandra.Tests.IntegrationTests.PersistedGrantStoreTests" runstate="Runnable" testcasecount="5" result="Passed" start-time="2016-10-10 15:25:45Z" end-time="2016-10-10 15:25:59Z" duration="13.897060" total="5" passed="5" failed="0" inconclusive="0" skipped="0" asserts="0">
              <properties>
                <property name="Category" value="Integeration" />
              </properties>
              <test-case id="1002" name="StoresThenDeletesByKey" fullname="IdentityServer4.Cassandra.Tests.IntegrationTests.PersistedGrantStoreTests.StoresThenDeletesByKey" methodname="StoresThenDeletesByKey" classname="IdentityServer4.Cassandra.Tests.IntegrationTests.PersistedGrantStoreTests" runstate="Runnable" seed="891547739" result="Passed" start-time="2016-10-10 15:25:45Z" end-time="2016-10-10 15:25:50Z" duration="4.095619" asserts="0" />
              <test-case id="1003" name="StoresThenFetchesBySubject" fullname="IdentityServer4.Cassandra.Tests.IntegrationTests.PersistedGrantStoreTests.StoresThenFetchesBySubject" methodname="StoresThenFetchesBySubject" classname="IdentityServer4.Cassandra.Tests.IntegrationTests.PersistedGrantStoreTests" runstate="Runnable" seed="890366252" result="Passed" start-time="2016-10-10 15:25:50Z" end-time="2016-10-10 15:25:52Z" duration="2.596497" asserts="0" />
              <test-case id="1004" name="StoresThenRemovesBySubjectAndClient" fullname="IdentityServer4.Cassandra.Tests.IntegrationTests.PersistedGrantStoreTests.StoresThenRemovesBySubjectAndClient" methodname="StoresThenRemovesBySubjectAndClient" classname="IdentityServer4.Cassandra.Tests.IntegrationTests.PersistedGrantStoreTests" runstate="Runnable" seed="2077920467" result="Passed" start-time="2016-10-10 15:25:52Z" end-time="2016-10-10 15:25:56Z" duration="3.797942" asserts="0" />
              <test-case id="1005" name="StoresThenRemovesBySubjectAndClientAndType" fullname="IdentityServer4.Cassandra.Tests.IntegrationTests.PersistedGrantStoreTests.StoresThenRemovesBySubjectAndClientAndType" methodname="StoresThenRemovesBySubjectAndClientAndType" classname="IdentityServer4.Cassandra.Tests.IntegrationTests.PersistedGrantStoreTests" runstate="Runnable" seed="779741139" result="Passed" start-time="2016-10-10 15:25:56Z" end-time="2016-10-10 15:25:59Z" duration="2.897933" asserts="0" />
              <test-case id="1001" name="StoresThenRetrievesByKey" fullname="IdentityServer4.Cassandra.Tests.IntegrationTests.PersistedGrantStoreTests.StoresThenRetrievesByKey" methodname="StoresThenRetrievesByKey" classname="IdentityServer4.Cassandra.Tests.IntegrationTests.PersistedGrantStoreTests" runstate="Runnable" seed="1608567161" result="Passed" start-time="2016-10-10 15:25:59Z" end-time="2016-10-10 15:25:59Z" duration="0.501605" asserts="0" />
            </test-suite>
            <test-suite type="TestFixture" id="1006" name="ScopeStoreIntegrationTests" fullname="IdentityServer4.Cassandra.Tests.IntegrationTests.ScopeStoreIntegrationTests" classname="IdentityServer4.Cassandra.Tests.IntegrationTests.ScopeStoreIntegrationTests" runstate="Runnable" testcasecount="1" result="Passed" start-time="2016-10-10 15:25:59Z" end-time="2016-10-10 15:26:00Z" duration="0.592061" total="1" passed="1" failed="0" inconclusive="0" skipped="0" asserts="0">
              <properties>
                <property name="Category" value="Integeration" />
              </properties>
              <test-case id="1007" name="StoresThenRetrievesScopesByName" fullname="IdentityServer4.Cassandra.Tests.IntegrationTests.ScopeStoreIntegrationTests.StoresThenRetrievesScopesByName" methodname="StoresThenRetrievesScopesByName" classname="IdentityServer4.Cassandra.Tests.IntegrationTests.ScopeStoreIntegrationTests" runstate="Runnable" seed="964581281" result="Passed" start-time="2016-10-10 15:25:59Z" end-time="2016-10-10 15:26:00Z" duration="0.590146" asserts="0" />
            </test-suite>
          </test-suite>
        </test-suite>
      </test-suite>
    </test-suite>
  </test-suite>
</test-run>